<?xml version="1.0" encoding="UTF-8"?>
<testsuite name="com.rebell.alliance.intelligence.MessageServiceTest" tests="3" skipped="0" failures="0" errors="0" timestamp="2021-02-21T20:50:06" hostname="LAPTOP-MRB" time="0.017">
  <properties/>
  <testcase name="getMessageWith3SatellitesError()" classname="com.rebell.alliance.intelligence.MessageServiceTest" time="0.005"/>
  <testcase name="getMessageWith4Satellites()" classname="com.rebell.alliance.intelligence.MessageServiceTest" time="0.004"/>
  <testcase name="getMessageWith3Satellites()" classname="com.rebell.alliance.intelligence.MessageServiceTest" time="0.005"/>
  <system-out><![CDATA[2021-02-21 17:50:06.669  INFO 11004 --- [    Test worker] .b.t.c.SpringBootTestContextBootstrapper : Neither @ContextConfiguration nor @ContextHierarchy found for test class [com.rebell.alliance.intelligence.MessageServiceTest], using SpringBootContextLoader
2021-02-21 17:50:06.671  INFO 11004 --- [    Test worker] o.s.t.c.support.AbstractContextLoader    : Could not detect default resource locations for test class [com.rebell.alliance.intelligence.MessageServiceTest]: no resource found for suffixes {-context.xml, Context.groovy}.
2021-02-21 17:50:06.672  INFO 11004 --- [    Test worker] t.c.s.AnnotationConfigContextLoaderUtils : Could not detect default configuration classes for test class [com.rebell.alliance.intelligence.MessageServiceTest]: MessageServiceTest does not declare any static, non-private, non-final, nested classes annotated with @Configuration.
2021-02-21 17:50:06.675  INFO 11004 --- [    Test worker] .b.t.c.SpringBootTestContextBootstrapper : Found @SpringBootConfiguration com.rebell.alliance.intelligence.CommunicationApplication for test class com.rebell.alliance.intelligence.MessageServiceTest
2021-02-21 17:50:06.679  INFO 11004 --- [    Test worker] .b.t.c.SpringBootTestContextBootstrapper : Loaded default TestExecutionListener class names from location [META-INF/spring.factories]: [org.springframework.boot.test.autoconfigure.restdocs.RestDocsTestExecutionListener, org.springframework.boot.test.autoconfigure.web.client.MockRestServiceServerResetTestExecutionListener, org.springframework.boot.test.autoconfigure.web.servlet.MockMvcPrintOnlyOnFailureTestExecutionListener, org.springframework.boot.test.autoconfigure.web.servlet.WebDriverTestExecutionListener, org.springframework.boot.test.autoconfigure.webservices.client.MockWebServiceServerTestExecutionListener, org.springframework.boot.test.mock.mockito.MockitoTestExecutionListener, org.springframework.boot.test.mock.mockito.ResetMocksTestExecutionListener, org.springframework.test.context.web.ServletTestExecutionListener, org.springframework.test.context.support.DirtiesContextBeforeModesTestExecutionListener, org.springframework.test.context.support.DependencyInjectionTestExecutionListener, org.springframework.test.context.support.DirtiesContextTestExecutionListener, org.springframework.test.context.transaction.TransactionalTestExecutionListener, org.springframework.test.context.jdbc.SqlScriptsTestExecutionListener, org.springframework.test.context.event.EventPublishingTestExecutionListener]
2021-02-21 17:50:06.681  INFO 11004 --- [    Test worker] .b.t.c.SpringBootTestContextBootstrapper : Using TestExecutionListeners: [org.springframework.test.context.web.ServletTestExecutionListener@5f679497, org.springframework.test.context.support.DirtiesContextBeforeModesTestExecutionListener@5770d293, org.springframework.boot.test.mock.mockito.MockitoTestExecutionListener@10286c50, org.springframework.boot.test.autoconfigure.SpringBootDependencyInjectionTestExecutionListener@4795a902, org.springframework.test.context.support.DirtiesContextTestExecutionListener@24354e4b, org.springframework.test.context.event.EventPublishingTestExecutionListener@7500e414, org.springframework.boot.test.autoconfigure.restdocs.RestDocsTestExecutionListener@26995c08, org.springframework.boot.test.autoconfigure.web.client.MockRestServiceServerResetTestExecutionListener@4cae3c60, org.springframework.boot.test.autoconfigure.web.servlet.MockMvcPrintOnlyOnFailureTestExecutionListener@426774a8, org.springframework.boot.test.autoconfigure.web.servlet.WebDriverTestExecutionListener@30b518b4, org.springframework.boot.test.autoconfigure.webservices.client.MockWebServiceServerTestExecutionListener@5c206bb6, org.springframework.boot.test.mock.mockito.ResetMocksTestExecutionListener@61d0116e]
]]></system-out>
  <system-err><![CDATA[]]></system-err>
</testsuite>
