<?xml version="1.0" encoding="UTF-8"?>
<testsuite name="com.rebell.alliance.intelligence.CommunicationApplicationTests" tests="1" skipped="0" failures="0" errors="0" timestamp="2021-02-21T20:50:06" hostname="LAPTOP-MRB" time="0.353">
  <properties/>
  <testcase name="contextLoads()" classname="com.rebell.alliance.intelligence.CommunicationApplicationTests" time="0.353"/>
  <system-out><![CDATA[17:50:03.642 [Test worker] DEBUG org.springframework.test.context.BootstrapUtils - Instantiating CacheAwareContextLoaderDelegate from class [org.springframework.test.context.cache.DefaultCacheAwareContextLoaderDelegate]
17:50:03.655 [Test worker] DEBUG org.springframework.test.context.BootstrapUtils - Instantiating BootstrapContext using constructor [public org.springframework.test.context.support.DefaultBootstrapContext(java.lang.Class,org.springframework.test.context.CacheAwareContextLoaderDelegate)]
17:50:03.692 [Test worker] DEBUG org.springframework.test.context.BootstrapUtils - Instantiating TestContextBootstrapper for test class [com.rebell.alliance.intelligence.CommunicationApplicationTests] from class [org.springframework.boot.test.context.SpringBootTestContextBootstrapper]
17:50:03.707 [Test worker] INFO org.springframework.boot.test.context.SpringBootTestContextBootstrapper - Neither @ContextConfiguration nor @ContextHierarchy found for test class [com.rebell.alliance.intelligence.CommunicationApplicationTests], using SpringBootContextLoader
17:50:03.711 [Test worker] DEBUG org.springframework.test.context.support.AbstractContextLoader - Did not detect default resource location for test class [com.rebell.alliance.intelligence.CommunicationApplicationTests]: class path resource [com/rebell/alliance/intelligence/CommunicationApplicationTests-context.xml] does not exist
17:50:03.712 [Test worker] DEBUG org.springframework.test.context.support.AbstractContextLoader - Did not detect default resource location for test class [com.rebell.alliance.intelligence.CommunicationApplicationTests]: class path resource [com/rebell/alliance/intelligence/CommunicationApplicationTestsContext.groovy] does not exist
17:50:03.712 [Test worker] INFO org.springframework.test.context.support.AbstractContextLoader - Could not detect default resource locations for test class [com.rebell.alliance.intelligence.CommunicationApplicationTests]: no resource found for suffixes {-context.xml, Context.groovy}.
17:50:03.713 [Test worker] INFO org.springframework.test.context.support.AnnotationConfigContextLoaderUtils - Could not detect default configuration classes for test class [com.rebell.alliance.intelligence.CommunicationApplicationTests]: CommunicationApplicationTests does not declare any static, non-private, non-final, nested classes annotated with @Configuration.
17:50:03.770 [Test worker] DEBUG org.springframework.test.context.support.ActiveProfilesUtils - Could not find an 'annotation declaring class' for annotation type [org.springframework.test.context.ActiveProfiles] and class [com.rebell.alliance.intelligence.CommunicationApplicationTests]
17:50:03.896 [Test worker] DEBUG org.springframework.context.annotation.ClassPathScanningCandidateComponentProvider - Identified candidate component class: file [C:\Users\marco\Desktop\quasar-master\quasar-master\build\classes\java\main\com\rebell\alliance\intelligence\CommunicationApplication.class]
17:50:03.899 [Test worker] INFO org.springframework.boot.test.context.SpringBootTestContextBootstrapper - Found @SpringBootConfiguration com.rebell.alliance.intelligence.CommunicationApplication for test class com.rebell.alliance.intelligence.CommunicationApplicationTests
17:50:04.071 [Test worker] DEBUG org.springframework.boot.test.context.SpringBootTestContextBootstrapper - @TestExecutionListeners is not present for class [com.rebell.alliance.intelligence.CommunicationApplicationTests]: using defaults.
17:50:04.072 [Test worker] INFO org.springframework.boot.test.context.SpringBootTestContextBootstrapper - Loaded default TestExecutionListener class names from location [META-INF/spring.factories]: [org.springframework.boot.test.autoconfigure.restdocs.RestDocsTestExecutionListener, org.springframework.boot.test.autoconfigure.web.client.MockRestServiceServerResetTestExecutionListener, org.springframework.boot.test.autoconfigure.web.servlet.MockMvcPrintOnlyOnFailureTestExecutionListener, org.springframework.boot.test.autoconfigure.web.servlet.WebDriverTestExecutionListener, org.springframework.boot.test.autoconfigure.webservices.client.MockWebServiceServerTestExecutionListener, org.springframework.boot.test.mock.mockito.MockitoTestExecutionListener, org.springframework.boot.test.mock.mockito.ResetMocksTestExecutionListener, org.springframework.test.context.web.ServletTestExecutionListener, org.springframework.test.context.support.DirtiesContextBeforeModesTestExecutionListener, org.springframework.test.context.support.DependencyInjectionTestExecutionListener, org.springframework.test.context.support.DirtiesContextTestExecutionListener, org.springframework.test.context.transaction.TransactionalTestExecutionListener, org.springframework.test.context.jdbc.SqlScriptsTestExecutionListener, org.springframework.test.context.event.EventPublishingTestExecutionListener]
17:50:04.083 [Test worker] DEBUG org.springframework.boot.test.context.SpringBootTestContextBootstrapper - Skipping candidate TestExecutionListener [org.springframework.test.context.transaction.TransactionalTestExecutionListener] due to a missing dependency. Specify custom listener classes or make the default listener classes and their required dependencies available. Offending class: [org/springframework/transaction/interceptor/TransactionAttributeSource]
17:50:04.084 [Test worker] DEBUG org.springframework.boot.test.context.SpringBootTestContextBootstrapper - Skipping candidate TestExecutionListener [org.springframework.test.context.jdbc.SqlScriptsTestExecutionListener] due to a missing dependency. Specify custom listener classes or make the default listener classes and their required dependencies available. Offending class: [org/springframework/transaction/interceptor/TransactionAttribute]
17:50:04.085 [Test worker] INFO org.springframework.boot.test.context.SpringBootTestContextBootstrapper - Using TestExecutionListeners: [org.springframework.test.context.web.ServletTestExecutionListener@3ba0ab8c, org.springframework.test.context.support.DirtiesContextBeforeModesTestExecutionListener@c3f035d, org.springframework.boot.test.mock.mockito.MockitoTestExecutionListener@5b935886, org.springframework.boot.test.autoconfigure.SpringBootDependencyInjectionTestExecutionListener@8ad8669, org.springframework.test.context.support.DirtiesContextTestExecutionListener@366fb03b, org.springframework.test.context.event.EventPublishingTestExecutionListener@42be7840, org.springframework.boot.test.autoconfigure.restdocs.RestDocsTestExecutionListener@3285ff9, org.springframework.boot.test.autoconfigure.web.client.MockRestServiceServerResetTestExecutionListener@67d20f3b, org.springframework.boot.test.autoconfigure.web.servlet.MockMvcPrintOnlyOnFailureTestExecutionListener@2c778592, org.springframework.boot.test.autoconfigure.web.servlet.WebDriverTestExecutionListener@1d3a8424, org.springframework.boot.test.autoconfigure.webservices.client.MockWebServiceServerTestExecutionListener@5cacc7ed, org.springframework.boot.test.mock.mockito.ResetMocksTestExecutionListener@2bf0b094]
17:50:04.089 [Test worker] DEBUG org.springframework.test.context.support.AbstractDirtiesContextTestExecutionListener - Before test class: context [DefaultTestContext@3b98deb1 testClass = CommunicationApplicationTests, testInstance = [null], testMethod = [null], testException = [null], mergedContextConfiguration = [WebMergedContextConfiguration@1d551582 testClass = CommunicationApplicationTests, locations = '{}', classes = '{class com.rebell.alliance.intelligence.CommunicationApplication}', contextInitializerClasses = '[]', activeProfiles = '{}', propertySourceLocations = '{}', propertySourceProperties = '{org.springframework.boot.test.context.SpringBootTestContextBootstrapper=true}', contextCustomizers = set[org.springframework.boot.test.autoconfigure.properties.PropertyMappingContextCustomizer@0, org.springframework.boot.test.autoconfigure.web.servlet.WebDriverContextCustomizerFactory$Customizer@50e5a12c, org.springframework.boot.test.context.filter.ExcludeFilterContextCustomizer@3e1db03f, org.springframework.boot.test.json.DuplicateJsonObjectContextCustomizerFactory$DuplicateJsonObjectContextCustomizer@600076ff, org.springframework.boot.test.mock.mockito.MockitoContextCustomizer@0, org.springframework.boot.test.web.client.TestRestTemplateContextCustomizer@4e573dab, org.springframework.boot.test.context.SpringBootTestArgs@1], resourceBasePath = 'src/main/webapp', contextLoader = 'org.springframework.boot.test.context.SpringBootContextLoader', parent = [null]], attributes = map['org.springframework.test.context.web.ServletTestExecutionListener.activateListener' -> true]], class annotated with @DirtiesContext [false] with mode [null].
17:50:04.123 [Test worker] DEBUG org.springframework.test.context.support.TestPropertySourceUtils - Adding inlined properties to environment: {spring.jmx.enabled=false, org.springframework.boot.test.context.SpringBootTestContextBootstrapper=true}

  .   ____          _            __ _ _
 /\\ / ___'_ __ _ _(_)_ __  __ _ \ \ \ \
( ( )\___ | '_ | '_| | '_ \/ _` | \ \ \ \
 \\/  ___)| |_)| | | | | || (_| |  ) ) ) )
  '  |____| .__|_| |_|_| |_\__, | / / / /
 =========|_|==============|___/=/_/_/_/
 :: Spring Boot ::        (v2.3.3.RELEASE)

2021-02-21 17:50:04.449  INFO 11004 --- [    Test worker] c.r.a.i.CommunicationApplicationTests    : Starting CommunicationApplicationTests on LAPTOP-MRB with PID 11004 (started by marco in C:\Users\marco\Desktop\quasar-master\quasar-master)
2021-02-21 17:50:04.451  INFO 11004 --- [    Test worker] c.r.a.i.CommunicationApplicationTests    : No active profile set, falling back to default profiles: default
2021-02-21 17:50:05.726  INFO 11004 --- [    Test worker] o.s.s.concurrent.ThreadPoolTaskExecutor  : Initializing ExecutorService 'applicationTaskExecutor'
2021-02-21 17:50:06.097  INFO 11004 --- [    Test worker] c.r.a.i.CommunicationApplicationTests    : Started CommunicationApplicationTests in 1.958 seconds (JVM running for 3.78)
]]></system-out>
  <system-err><![CDATA[]]></system-err>
</testsuite>
