<?xml version="1.0" encoding="UTF-8"?>
<testsuite name="com.rebell.alliance.intelligence.LocationServiceTest" tests="3" skipped="0" failures="0" errors="0" timestamp="2021-02-21T20:50:06" hostname="LAPTOP-MRB" time="0.09">
  <properties/>
  <testcase name="getLocationWith4Positions()" classname="com.rebell.alliance.intelligence.LocationServiceTest" time="0.073"/>
  <testcase name="getLocationWith3PositionsMedium()" classname="com.rebell.alliance.intelligence.LocationServiceTest" time="0.009"/>
  <testcase name="getLocationWith3PositionsSmall()" classname="com.rebell.alliance.intelligence.LocationServiceTest" time="0.004"/>
  <system-out><![CDATA[2021-02-21 17:50:06.560  INFO 11004 --- [    Test worker] .b.t.c.SpringBootTestContextBootstrapper : Neither @ContextConfiguration nor @ContextHierarchy found for test class [com.rebell.alliance.intelligence.LocationServiceTest], using SpringBootContextLoader
2021-02-21 17:50:06.562  INFO 11004 --- [    Test worker] o.s.t.c.support.AbstractContextLoader    : Could not detect default resource locations for test class [com.rebell.alliance.intelligence.LocationServiceTest]: no resource found for suffixes {-context.xml, Context.groovy}.
2021-02-21 17:50:06.562  INFO 11004 --- [    Test worker] t.c.s.AnnotationConfigContextLoaderUtils : Could not detect default configuration classes for test class [com.rebell.alliance.intelligence.LocationServiceTest]: LocationServiceTest does not declare any static, non-private, non-final, nested classes annotated with @Configuration.
2021-02-21 17:50:06.565  INFO 11004 --- [    Test worker] .b.t.c.SpringBootTestContextBootstrapper : Found @SpringBootConfiguration com.rebell.alliance.intelligence.CommunicationApplication for test class com.rebell.alliance.intelligence.LocationServiceTest
2021-02-21 17:50:06.569  INFO 11004 --- [    Test worker] .b.t.c.SpringBootTestContextBootstrapper : Loaded default TestExecutionListener class names from location [META-INF/spring.factories]: [org.springframework.boot.test.autoconfigure.restdocs.RestDocsTestExecutionListener, org.springframework.boot.test.autoconfigure.web.client.MockRestServiceServerResetTestExecutionListener, org.springframework.boot.test.autoconfigure.web.servlet.MockMvcPrintOnlyOnFailureTestExecutionListener, org.springframework.boot.test.autoconfigure.web.servlet.WebDriverTestExecutionListener, org.springframework.boot.test.autoconfigure.webservices.client.MockWebServiceServerTestExecutionListener, org.springframework.boot.test.mock.mockito.MockitoTestExecutionListener, org.springframework.boot.test.mock.mockito.ResetMocksTestExecutionListener, org.springframework.test.context.web.ServletTestExecutionListener, org.springframework.test.context.support.DirtiesContextBeforeModesTestExecutionListener, org.springframework.test.context.support.DependencyInjectionTestExecutionListener, org.springframework.test.context.support.DirtiesContextTestExecutionListener, org.springframework.test.context.transaction.TransactionalTestExecutionListener, org.springframework.test.context.jdbc.SqlScriptsTestExecutionListener, org.springframework.test.context.event.EventPublishingTestExecutionListener]
2021-02-21 17:50:06.572  INFO 11004 --- [    Test worker] .b.t.c.SpringBootTestContextBootstrapper : Using TestExecutionListeners: [org.springframework.test.context.web.ServletTestExecutionListener@3e8f5e27, org.springframework.test.context.support.DirtiesContextBeforeModesTestExecutionListener@7ce56e4d, org.springframework.boot.test.mock.mockito.MockitoTestExecutionListener@49139a4, org.springframework.boot.test.autoconfigure.SpringBootDependencyInjectionTestExecutionListener@780667e9, org.springframework.test.context.support.DirtiesContextTestExecutionListener@3c3c60a8, org.springframework.test.context.event.EventPublishingTestExecutionListener@6bfce664, org.springframework.boot.test.autoconfigure.restdocs.RestDocsTestExecutionListener@66adbea6, org.springframework.boot.test.autoconfigure.web.client.MockRestServiceServerResetTestExecutionListener@2d5fb4b5, org.springframework.boot.test.autoconfigure.web.servlet.MockMvcPrintOnlyOnFailureTestExecutionListener@7239a896, org.springframework.boot.test.autoconfigure.web.servlet.WebDriverTestExecutionListener@7efaaf73, org.springframework.boot.test.autoconfigure.webservices.client.MockWebServiceServerTestExecutionListener@75297684, org.springframework.boot.test.mock.mockito.ResetMocksTestExecutionListener@25038e88]
]]></system-out>
  <system-err><![CDATA[]]></system-err>
</testsuite>
